<?xml version="1.0" encoding="UTF-8"?>
<!-- Generated by org.testng.reporters.JUnitReportReporter -->
<testsuite hostname="DESKTOP-L9D0U64" failures="0" tests="1" name="Jenkins_package.NewTestnew" time="2.095" errors="0" timestamp="2025-08-25T16:54:34 IST" skipped="0">
  <testcase classname="Jenkins_package.NewTestnew" name="f" time="2.095"/>
</testsuite> <!-- Jenkins_package.NewTestnew -->
