<?xml version="1.0" encoding="UTF-8"?>
<!-- Generated by org.testng.reporters.JUnitReportReporter -->
<testsuite hostname="DESKTOP-L9D0U64" failures="0" tests="1" name="Jenkins_package.NewTest" time="4.022" errors="0" timestamp="2025-08-25T16:54:34 IST" skipped="0">
  <testcase classname="Jenkins_package.NewTest" name="f" time="4.022"/>
</testsuite> <!-- Jenkins_package.NewTest -->
