<?xml version="1.0" encoding="UTF-8"?>
<!-- Generated by org.testng.reporters.JUnitReportReporter -->
<testsuite hostname="DESKTOP-L9D0U64" failures="0" tests="1" name="Jenkins_package.Freshtest" time="3.484" errors="0" timestamp="2025-08-25T17:43:23 IST" skipped="0">
  <testcase classname="Jenkins_package.Freshtest" name="f" time="3.484"/>
</testsuite> <!-- Jenkins_package.Freshtest -->
